  +---+---+---+---+---+---+---+---+
0 |   |   |   |   |   |   |   |   |
  +---+---+---+---+---+---+---+---+
1 |   |   |   |   |   |   |   |   |
  +---+---+---+---+---+---+---+---+
2 |   |   |   |   |   |   |   |   |
  +---+---+---+---+---+---+---+---+
3 |   |   |   | X | O |   |   |   |
  +---+---+---+---+---+---+---+---+
4 |   |   |   | O | X |   |   |   |
  +---+---+---+---+---+---+---+---+
5 |   |   |   |   |   |   |   |   |
  +---+---+---+---+---+---+---+---+
6 |   |   |   |   |   |   |   |   |
  +---+---+---+---+---+---+---+---+
7 |   |   |   |   |   |   |   |   |
  +---+---+---+---+---+---+---+---+
    0   1   2   3   4   5   6   7

X Player Turn!


possible_moves = [[2, 4], [3, 5], [4, 2], [5, 3]]
[2, 4] depth = 1 val = 3
[2, 4] depth = 2 val = 0
[2, 4] depth = 3 val = 3
[2, 4] depth = 4 val = -2
[2, 4] depth = 5 val = 3
[2, 4] depth = 6 val = -2
[2, 4] depth = 7 val = 5
Player X alpha_beta performed the move: [2, 4]
  +---+---+---+---+---+---+---+---+
0 |   |   |   |   |   |   |   |   |
  +---+---+---+---+---+---+---+---+
1 |   |   |   |   |   |   |   |   |
  +---+---+---+---+---+---+---+---+
2 |   |   |   |   |   |   |   |   |
  +---+---+---+---+---+---+---+---+
3 |   |   |   | X | O |   |   |   |
  +---+---+---+---+---+---+---+---+
4 |   |   | X | X | X |   |   |   |
  +---+---+---+---+---+---+---+---+
5 |   |   |   |   |   |   |   |   |
  +---+---+---+---+---+---+---+---+
6 |   |   |   |   |   |   |   |   |
  +---+---+---+---+---+---+---+---+
7 |   |   |   |   |   |   |   |   |
  +---+---+---+---+---+---+---+---+
    0   1   2   3   4   5   6   7

O Player Turn!


Player O simple performed the move: [2, 3]
  +---+---+---+---+---+---+---+---+
0 |   |   |   |   |   |   |   |   |
  +---+---+---+---+---+---+---+---+
1 |   |   |   |   |   |   |   |   |
  +---+---+---+---+---+---+---+---+
2 |   |   |   |   |   |   |   |   |
  +---+---+---+---+---+---+---+---+
3 |   |   | O | O | O |   |   |   |
  +---+---+---+---+---+---+---+---+
4 |   |   | X | X | X |   |   |   |
  +---+---+---+---+---+---+---+---+
5 |   |   |   |   |   |   |   |   |
  +---+---+---+---+---+---+---+---+
6 |   |   |   |   |   |   |   |   |
  +---+---+---+---+---+---+---+---+
7 |   |   |   |   |   |   |   |   |
  +---+---+---+---+---+---+---+---+
    0   1   2   3   4   5   6   7

X Player Turn!


possible_moves = [[1, 2], [2, 2], [3, 2], [4, 2], [5, 2]]
[2, 2] depth = 1 val = 5
[1, 2] depth = 2 val = 0
[1, 2] depth = 3 val = 5
[2, 2] depth = 4 val = 0
[2, 2] depth = 5 val = 5
[1, 2] depth = 6 val = -2
Player X alpha_beta performed the move: [1, 2]
  +---+---+---+---+---+---+---+---+
0 |   |   |   |   |   |   |   |   |
  +---+---+---+---+---+---+---+---+
1 |   |   |   |   |   |   |   |   |
  +---+---+---+---+---+---+---+---+
2 |   | X |   |   |   |   |   |   |
  +---+---+---+---+---+---+---+---+
3 |   |   | X | O | O |   |   |   |
  +---+---+---+---+---+---+---+---+
4 |   |   | X | X | X |   |   |   |
  +---+---+---+---+---+---+---+---+
5 |   |   |   |   |   |   |   |   |
  +---+---+---+---+---+---+---+---+
6 |   |   |   |   |   |   |   |   |
  +---+---+---+---+---+---+---+---+
7 |   |   |   |   |   |   |   |   |
  +---+---+---+---+---+---+---+---+
    0   1   2   3   4   5   6   7

O Player Turn!


Player O simple performed the move: [1, 3]
  +---+---+---+---+---+---+---+---+
0 |   |   |   |   |   |   |   |   |
  +---+---+---+---+---+---+---+---+
1 |   |   |   |   |   |   |   |   |
  +---+---+---+---+---+---+---+---+
2 |   | X |   |   |   |   |   |   |
  +---+---+---+---+---+---+---+---+
3 |   | O | O | O | O |   |   |   |
  +---+---+---+---+---+---+---+---+
4 |   |   | X | X | X |   |   |   |
  +---+---+---+---+---+---+---+---+
5 |   |   |   |   |   |   |   |   |
  +---+---+---+---+---+---+---+---+
6 |   |   |   |   |   |   |   |   |
  +---+---+---+---+---+---+---+---+
7 |   |   |   |   |   |   |   |   |
  +---+---+---+---+---+---+---+---+
    0   1   2   3   4   5   6   7

X Player Turn!


possible_moves = [[0, 2], [1, 4], [2, 2], [3, 2], [4, 2], [5, 2]]
[2, 2] depth = 1 val = 5
[2, 2] depth = 2 val = 2
[0, 2] depth = 3 val = 5
[0, 2] depth = 4 val = 0
[0, 2] depth = 5 val = 5
[4, 2] depth = 6 val = 0
Player X alpha_beta performed the move: [4, 2]
  +---+---+---+---+---+---+---+---+
0 |   |   |   |   |   |   |   |   |
  +---+---+---+---+---+---+---+---+
1 |   |   |   |   |   |   |   |   |
  +---+---+---+---+---+---+---+---+
2 |   | X |   |   | X |   |   |   |
  +---+---+---+---+---+---+---+---+
3 |   | O | O | X | X |   |   |   |
  +---+---+---+---+---+---+---+---+
4 |   |   | X | X | X |   |   |   |
  +---+---+---+---+---+---+---+---+
5 |   |   |   |   |   |   |   |   |
  +---+---+---+---+---+---+---+---+
6 |   |   |   |   |   |   |   |   |
  +---+---+---+---+---+---+---+---+
7 |   |   |   |   |   |   |   |   |
  +---+---+---+---+---+---+---+---+
    0   1   2   3   4   5   6   7

O Player Turn!


Player O simple performed the move: [5, 3]
  +---+---+---+---+---+---+---+---+
0 |   |   |   |   |   |   |   |   |
  +---+---+---+---+---+---+---+---+
1 |   |   |   |   |   |   |   |   |
  +---+---+---+---+---+---+---+---+
2 |   | X |   |   | X |   |   |   |
  +---+---+---+---+---+---+---+---+
3 |   | O | O | O | O | O |   |   |
  +---+---+---+---+---+---+---+---+
4 |   |   | X | X | X |   |   |   |
  +---+---+---+---+---+---+---+---+
5 |   |   |   |   |   |   |   |   |
  +---+---+---+---+---+---+---+---+
6 |   |   |   |   |   |   |   |   |
  +---+---+---+---+---+---+---+---+
7 |   |   |   |   |   |   |   |   |
  +---+---+---+---+---+---+---+---+
    0   1   2   3   4   5   6   7

X Player Turn!


possible_moves = [[0, 2], [1, 4], [2, 2], [3, 2], [5, 2], [6, 2], [6, 4]]
[2, 2] depth = 1 val = 5
[2, 2] depth = 2 val = 0
[0, 2] depth = 3 val = 5
[0, 2] depth = 4 val = 0
[0, 2] depth = 5 val = 7
Player X alpha_beta performed the move: [0, 2]
  +---+---+---+---+---+---+---+---+
0 |   |   |   |   |   |   |   |   |
  +---+---+---+---+---+---+---+---+
1 |   |   |   |   |   |   |   |   |
  +---+---+---+---+---+---+---+---+
2 | X | X |   |   | X |   |   |   |
  +---+---+---+---+---+---+---+---+
3 |   | X | O | O | O | O |   |   |
  +---+---+---+---+---+---+---+---+
4 |   |   | X | X | X |   |   |   |
  +---+---+---+---+---+---+---+---+
5 |   |   |   |   |   |   |   |   |
  +---+---+---+---+---+---+---+---+
6 |   |   |   |   |   |   |   |   |
  +---+---+---+---+---+---+---+---+
7 |   |   |   |   |   |   |   |   |
  +---+---+---+---+---+---+---+---+
    0   1   2   3   4   5   6   7

O Player Turn!


Player O simple performed the move: [2, 5]
  +---+---+---+---+---+---+---+---+
0 |   |   |   |   |   |   |   |   |
  +---+---+---+---+---+---+---+---+
1 |   |   |   |   |   |   |   |   |
  +---+---+---+---+---+---+---+---+
2 | X | X |   |   | X |   |   |   |
  +---+---+---+---+---+---+---+---+
3 |   | X | O | O | O | O |   |   |
  +---+---+---+---+---+---+---+---+
4 |   |   | O | O | X |   |   |   |
  +---+---+---+---+---+---+---+---+
5 |   |   | O |   |   |   |   |   |
  +---+---+---+---+---+---+---+---+
6 |   |   |   |   |   |   |   |   |
  +---+---+---+---+---+---+---+---+
7 |   |   |   |   |   |   |   |   |
  +---+---+---+---+---+---+---+---+
    0   1   2   3   4   5   6   7

X Player Turn!


possible_moves = [[1, 4], [1, 5], [2, 2], [3, 5], [4, 5], [6, 2], [6, 3], [6, 4]]
[6, 3] depth = 1 val = 7
[6, 3] depth = 2 val = 2
[6, 3] depth = 3 val = 7
[1, 4] depth = 4 val = -2
[1, 4] depth = 5 val = 7
Player X alpha_beta performed the move: [1, 4]
  +---+---+---+---+---+---+---+---+
0 |   |   |   |   |   |   |   |   |
  +---+---+---+---+---+---+---+---+
1 |   |   |   |   |   |   |   |   |
  +---+---+---+---+---+---+---+---+
2 | X | X |   |   | X |   |   |   |
  +---+---+---+---+---+---+---+---+
3 |   | X | O | O | O | O |   |   |
  +---+---+---+---+---+---+---+---+
4 |   | X | X | X | X |   |   |   |
  +---+---+---+---+---+---+---+---+
5 |   |   | O |   |   |   |   |   |
  +---+---+---+---+---+---+---+---+
6 |   |   |   |   |   |   |   |   |
  +---+---+---+---+---+---+---+---+
7 |   |   |   |   |   |   |   |   |
  +---+---+---+---+---+---+---+---+
    0   1   2   3   4   5   6   7

O Player Turn!


Player O simple performed the move: [0, 3]
  +---+---+---+---+---+---+---+---+
0 |   |   |   |   |   |   |   |   |
  +---+---+---+---+---+---+---+---+
1 |   |   |   |   |   |   |   |   |
  +---+---+---+---+---+---+---+---+
2 | X | X |   |   | X |   |   |   |
  +---+---+---+---+---+---+---+---+
3 | O | O | O | O | O | O |   |   |
  +---+---+---+---+---+---+---+---+
4 |   | O | X | X | X |   |   |   |
  +---+---+---+---+---+---+---+---+
5 |   |   | O |   |   |   |   |   |
  +---+---+---+---+---+---+---+---+
6 |   |   |   |   |   |   |   |   |
  +---+---+---+---+---+---+---+---+
7 |   |   |   |   |   |   |   |   |
  +---+---+---+---+---+---+---+---+
    0   1   2   3   4   5   6   7

X Player Turn!


possible_moves = [[0, 4], [1, 5], [1, 6], [2, 2], [2, 6], [3, 2], [5, 2], [6, 2], [6, 4]]
[0, 4] depth = 1 val = 3
[1, 5] depth = 2 val = -2
[0, 4] depth = 3 val = 7
[0, 4] depth = 4 val = 2
[0, 4] depth = 5 val = 7
Player X alpha_beta performed the move: [0, 4]
  +---+---+---+---+---+---+---+---+
0 |   |   |   |   |   |   |   |   |
  +---+---+---+---+---+---+---+---+
1 |   |   |   |   |   |   |   |   |
  +---+---+---+---+---+---+---+---+
2 | X | X |   |   | X |   |   |   |
  +---+---+---+---+---+---+---+---+
3 | X | O | O | O | O | O |   |   |
  +---+---+---+---+---+---+---+---+
4 | X | X | X | X | X |   |   |   |
  +---+---+---+---+---+---+---+---+
5 |   |   | O |   |   |   |   |   |
  +---+---+---+---+---+---+---+---+
6 |   |   |   |   |   |   |   |   |
  +---+---+---+---+---+---+---+---+
7 |   |   |   |   |   |   |   |   |
  +---+---+---+---+---+---+---+---+
    0   1   2   3   4   5   6   7

O Player Turn!


Player O simple performed the move: [3, 5]
  +---+---+---+---+---+---+---+---+
0 |   |   |   |   |   |   |   |   |
  +---+---+---+---+---+---+---+---+
1 |   |   |   |   |   |   |   |   |
  +---+---+---+---+---+---+---+---+
2 | X | X |   |   | X |   |   |   |
  +---+---+---+---+---+---+---+---+
3 | X | O | O | O | O | O |   |   |
  +---+---+---+---+---+---+---+---+
4 | X | X | O | O | O |   |   |   |
  +---+---+---+---+---+---+---+---+
5 |   |   | O | O |   |   |   |   |
  +---+---+---+---+---+---+---+---+
6 |   |   |   |   |   |   |   |   |
  +---+---+---+---+---+---+---+---+
7 |   |   |   |   |   |   |   |   |
  +---+---+---+---+---+---+---+---+
    0   1   2   3   4   5   6   7

X Player Turn!


possible_moves = [[1, 5], [2, 2], [3, 2], [3, 6], [4, 5], [4, 6], [5, 4], [6, 3], [6, 4]]
[6, 3] depth = 1 val = 7
[6, 3] depth = 2 val = 2
[4, 5] depth = 3 val = 9
[4, 6] depth = 4 val = 2
[5, 4] depth = 5 val = 9
Player X alpha_beta performed the move: [5, 4]
  +---+---+---+---+---+---+---+---+
0 |   |   |   |   |   |   |   |   |
  +---+---+---+---+---+---+---+---+
1 |   |   |   |   |   |   |   |   |
  +---+---+---+---+---+---+---+---+
2 | X | X |   |   | X |   |   |   |
  +---+---+---+---+---+---+---+---+
3 | X | O | O | O | O | O |   |   |
  +---+---+---+---+---+---+---+---+
4 | X | X | X | X | X | X |   |   |
  +---+---+---+---+---+---+---+---+
5 |   |   | O | O |   |   |   |   |
  +---+---+---+---+---+---+---+---+
6 |   |   |   |   |   |   |   |   |
  +---+---+---+---+---+---+---+---+
7 |   |   |   |   |   |   |   |   |
  +---+---+---+---+---+---+---+---+
    0   1   2   3   4   5   6   7

O Player Turn!


Player O simple performed the move: [1, 5]
  +---+---+---+---+---+---+---+---+
0 |   |   |   |   |   |   |   |   |
  +---+---+---+---+---+---+---+---+
1 |   |   |   |   |   |   |   |   |
  +---+---+---+---+---+---+---+---+
2 | X | X |   |   | X |   |   |   |
  +---+---+---+---+---+---+---+---+
3 | X | O | O | O | O | O |   |   |
  +---+---+---+---+---+---+---+---+
4 | X | O | O | X | X | X |   |   |
  +---+---+---+---+---+---+---+---+
5 |   | O | O | O |   |   |   |   |
  +---+---+---+---+---+---+---+---+
6 |   |   |   |   |   |   |   |   |
  +---+---+---+---+---+---+---+---+
7 |   |   |   |   |   |   |   |   |
  +---+---+---+---+---+---+---+---+
    0   1   2   3   4   5   6   7

X Player Turn!


possible_moves = [[0, 6], [1, 6], [2, 2], [2, 6], [3, 2], [3, 6], [4, 6], [5, 2], [6, 2], [6, 3], [6, 4]]
[6, 3] depth = 1 val = 9
[6, 3] depth = 2 val = 2
[6, 3] depth = 3 val = 11
[6, 3] depth = 4 val = 2
[6, 3] depth = 5 val = 11
Player X alpha_beta performed the move: [6, 3]
  +---+---+---+---+---+---+---+---+
0 |   |   |   |   |   |   |   |   |
  +---+---+---+---+---+---+---+---+
1 |   |   |   |   |   |   |   |   |
  +---+---+---+---+---+---+---+---+
2 | X | X |   |   | X |   |   |   |
  +---+---+---+---+---+---+---+---+
3 | X | X | X | X | X | X | X |   |
  +---+---+---+---+---+---+---+---+
4 | X | O | O | X | X | X |   |   |
  +---+---+---+---+---+---+---+---+
5 |   | O | O | O |   |   |   |   |
  +---+---+---+---+---+---+---+---+
6 |   |   |   |   |   |   |   |   |
  +---+---+---+---+---+---+---+---+
7 |   |   |   |   |   |   |   |   |
  +---+---+---+---+---+---+---+---+
    0   1   2   3   4   5   6   7

O Player Turn!


Player O simple performed the move: [3, 2]
  +---+---+---+---+---+---+---+---+
0 |   |   |   |   |   |   |   |   |
  +---+---+---+---+---+---+---+---+
1 |   |   |   |   |   |   |   |   |
  +---+---+---+---+---+---+---+---+
2 | X | X |   | O | X |   |   |   |
  +---+---+---+---+---+---+---+---+
3 | X | X | O | O | X | X | X |   |
  +---+---+---+---+---+---+---+---+
4 | X | O | O | O | X | X |   |   |
  +---+---+---+---+---+---+---+---+
5 |   | O | O | O |   |   |   |   |
  +---+---+---+---+---+---+---+---+
6 |   |   |   |   |   |   |   |   |
  +---+---+---+---+---+---+---+---+
7 |   |   |   |   |   |   |   |   |
  +---+---+---+---+---+---+---+---+
    0   1   2   3   4   5   6   7

X Player Turn!


possible_moves = [[0, 6], [1, 6], [2, 1], [2, 2], [2, 6], [3, 6], [4, 5], [4, 6]]
[1, 6] depth = 1 val = 11
[1, 6] depth = 2 val = 4
[1, 6] depth = 3 val = 13
[1, 6] depth = 4 val = 4
[1, 6] depth = 5 val = 11
Player X alpha_beta performed the move: [1, 6]
  +---+---+---+---+---+---+---+---+
0 |   |   |   |   |   |   |   |   |
  +---+---+---+---+---+---+---+---+
1 |   |   |   |   |   |   |   |   |
  +---+---+---+---+---+---+---+---+
2 | X | X |   | O | X |   |   |   |
  +---+---+---+---+---+---+---+---+
3 | X | X | O | O | X | X | X |   |
  +---+---+---+---+---+---+---+---+
4 | X | X | O | X | X | X |   |   |
  +---+---+---+---+---+---+---+---+
5 |   | X | X | O |   |   |   |   |
  +---+---+---+---+---+---+---+---+
6 |   | X |   |   |   |   |   |   |
  +---+---+---+---+---+---+---+---+
7 |   |   |   |   |   |   |   |   |
  +---+---+---+---+---+---+---+---+
    0   1   2   3   4   5   6   7

O Player Turn!


Player O simple performed the move: [0, 5]
  +---+---+---+---+---+---+---+---+
0 |   |   |   |   |   |   |   |   |
  +---+---+---+---+---+---+---+---+
1 |   |   |   |   |   |   |   |   |
  +---+---+---+---+---+---+---+---+
2 | X | X |   | O | X |   |   |   |
  +---+---+---+---+---+---+---+---+
3 | X | X | O | O | X | X | X |   |
  +---+---+---+---+---+---+---+---+
4 | X | O | O | X | X | X |   |   |
  +---+---+---+---+---+---+---+---+
5 | O | O | O | O |   |   |   |   |
  +---+---+---+---+---+---+---+---+
6 |   | X |   |   |   |   |   |   |
  +---+---+---+---+---+---+---+---+
7 |   |   |   |   |   |   |   |   |
  +---+---+---+---+---+---+---+---+
    0   1   2   3   4   5   6   7

X Player Turn!


possible_moves = [[0, 6], [2, 1], [2, 2], [2, 6], [3, 1], [3, 6], [4, 6]]
[0, 6] depth = 1 val = 13
[0, 6] depth = 2 val = 4
[0, 6] depth = 3 val = 11
[0, 6] depth = 4 val = 6
[0, 6] depth = 5 val = 11
[0, 6] depth = 6 val = -2
Player X alpha_beta performed the move: [0, 6]
  +---+---+---+---+---+---+---+---+
0 |   |   |   |   |   |   |   |   |
  +---+---+---+---+---+---+---+---+
1 |   |   |   |   |   |   |   |   |
  +---+---+---+---+---+---+---+---+
2 | X | X |   | O | X |   |   |   |
  +---+---+---+---+---+---+---+---+
3 | X | X | O | X | X | X | X |   |
  +---+---+---+---+---+---+---+---+
4 | X | O | X | X | X | X |   |   |
  +---+---+---+---+---+---+---+---+
5 | X | X | O | O |   |   |   |   |
  +---+---+---+---+---+---+---+---+
6 | X | X |   |   |   |   |   |   |
  +---+---+---+---+---+---+---+---+
7 |   |   |   |   |   |   |   |   |
  +---+---+---+---+---+---+---+---+
    0   1   2   3   4   5   6   7

O Player Turn!


Player O simple performed the move: [6, 4]
  +---+---+---+---+---+---+---+---+
0 |   |   |   |   |   |   |   |   |
  +---+---+---+---+---+---+---+---+
1 |   |   |   |   |   |   |   |   |
  +---+---+---+---+---+---+---+---+
2 | X | X |   | O | X |   |   |   |
  +---+---+---+---+---+---+---+---+
3 | X | X | O | X | X | X | X |   |
  +---+---+---+---+---+---+---+---+
4 | X | O | O | O | O | O | O |   |
  +---+---+---+---+---+---+---+---+
5 | X | X | O | O |   |   |   |   |
  +---+---+---+---+---+---+---+---+
6 | X | X |   |   |   |   |   |   |
  +---+---+---+---+---+---+---+---+
7 |   |   |   |   |   |   |   |   |
  +---+---+---+---+---+---+---+---+
    0   1   2   3   4   5   6   7

X Player Turn!


possible_moves = [[2, 1], [2, 2], [2, 6], [3, 1], [3, 6], [4, 1], [4, 5], [4, 6], [5, 5], [6, 5], [7, 4], [7, 5]]
[4, 5] depth = 1 val = 17
[4, 5] depth = 2 val = 8
[4, 5] depth = 3 val = 15
[4, 5] depth = 4 val = 8
[4, 5] depth = 5 val = 15
Player X alpha_beta performed the move: [4, 5]
  +---+---+---+---+---+---+---+---+
0 |   |   |   |   |   |   |   |   |
  +---+---+---+---+---+---+---+---+
1 |   |   |   |   |   |   |   |   |
  +---+---+---+---+---+---+---+---+
2 | X | X |   | O | X |   |   |   |
  +---+---+---+---+---+---+---+---+
3 | X | X | X | X | X | X | X |   |
  +---+---+---+---+---+---+---+---+
4 | X | O | O | X | X | X | O |   |
  +---+---+---+---+---+---+---+---+
5 | X | X | X | X | X |   |   |   |
  +---+---+---+---+---+---+---+---+
6 | X | X |   |   |   |   |   |   |
  +---+---+---+---+---+---+---+---+
7 |   |   |   |   |   |   |   |   |
  +---+---+---+---+---+---+---+---+
    0   1   2   3   4   5   6   7

O Player Turn!


Player O simple performed the move: [3, 6]
  +---+---+---+---+---+---+---+---+
0 |   |   |   |   |   |   |   |   |
  +---+---+---+---+---+---+---+---+
1 |   |   |   |   |   |   |   |   |
  +---+---+---+---+---+---+---+---+
2 | X | X |   | O | X |   |   |   |
  +---+---+---+---+---+---+---+---+
3 | X | X | X | O | X | X | X |   |
  +---+---+---+---+---+---+---+---+
4 | X | O | O | O | X | X | O |   |
  +---+---+---+---+---+---+---+---+
5 | X | X | O | O | X |   |   |   |
  +---+---+---+---+---+---+---+---+
6 | X | X |   | O |   |   |   |   |
  +---+---+---+---+---+---+---+---+
7 |   |   |   |   |   |   |   |   |
  +---+---+---+---+---+---+---+---+
    0   1   2   3   4   5   6   7

X Player Turn!


possible_moves = [[2, 1], [2, 2], [2, 6], [2, 7], [4, 1], [4, 6], [4, 7], [6, 5], [7, 4], [7, 5]]
[2, 6] depth = 1 val = 15
[2, 6] depth = 2 val = 8
[4, 7] depth = 3 val = 17
[4, 7] depth = 4 val = 8
[4, 7] depth = 5 val = 13
Player X alpha_beta performed the move: [4, 7]
  +---+---+---+---+---+---+---+---+
0 |   |   |   |   |   |   |   |   |
  +---+---+---+---+---+---+---+---+
1 |   |   |   |   |   |   |   |   |
  +---+---+---+---+---+---+---+---+
2 | X | X |   | O | X |   |   |   |
  +---+---+---+---+---+---+---+---+
3 | X | X | X | O | X | X | X |   |
  +---+---+---+---+---+---+---+---+
4 | X | X | O | O | X | X | O |   |
  +---+---+---+---+---+---+---+---+
5 | X | X | X | O | X |   |   |   |
  +---+---+---+---+---+---+---+---+
6 | X | X |   | X |   |   |   |   |
  +---+---+---+---+---+---+---+---+
7 |   |   |   |   | X |   |   |   |
  +---+---+---+---+---+---+---+---+
    0   1   2   3   4   5   6   7

O Player Turn!


Player O simple performed the move: [6, 2]
  +---+---+---+---+---+---+---+---+
0 |   |   |   |   |   |   |   |   |
  +---+---+---+---+---+---+---+---+
1 |   |   |   |   |   |   |   |   |
  +---+---+---+---+---+---+---+---+
2 | X | X |   | O | X |   | O |   |
  +---+---+---+---+---+---+---+---+
3 | X | X | X | O | X | O | O |   |
  +---+---+---+---+---+---+---+---+
4 | X | X | O | O | O | X | O |   |
  +---+---+---+---+---+---+---+---+
5 | X | X | X | O | X |   |   |   |
  +---+---+---+---+---+---+---+---+
6 | X | X |   | X |   |   |   |   |
  +---+---+---+---+---+---+---+---+
7 |   |   |   |   | X |   |   |   |
  +---+---+---+---+---+---+---+---+
    0   1   2   3   4   5   6   7

X Player Turn!


possible_moves = [[2, 1], [2, 2], [3, 1], [4, 1], [4, 6], [5, 2], [7, 2], [7, 3], [7, 4], [7, 5]]
[3, 1] depth = 1 val = 17
[3, 1] depth = 2 val = 10
[3, 1] depth = 3 val = 17
[3, 1] depth = 4 val = 6
[3, 1] depth = 5 val = 15
Player X alpha_beta performed the move: [3, 1]
  +---+---+---+---+---+---+---+---+
0 |   |   |   |   |   |   |   |   |
  +---+---+---+---+---+---+---+---+
1 |   |   |   | X |   |   |   |   |
  +---+---+---+---+---+---+---+---+
2 | X | X |   | X | X |   | O |   |
  +---+---+---+---+---+---+---+---+
3 | X | X | X | X | X | O | O |   |
  +---+---+---+---+---+---+---+---+
4 | X | X | O | X | O | X | O |   |
  +---+---+---+---+---+---+---+---+
5 | X | X | X | X | X |   |   |   |
  +---+---+---+---+---+---+---+---+
6 | X | X |   | X |   |   |   |   |
  +---+---+---+---+---+---+---+---+
7 |   |   |   |   | X |   |   |   |
  +---+---+---+---+---+---+---+---+
    0   1   2   3   4   5   6   7

O Player Turn!


Player O simple performed the move: [2, 7]
  +---+---+---+---+---+---+---+---+
0 |   |   |   |   |   |   |   |   |
  +---+---+---+---+---+---+---+---+
1 |   |   |   | X |   |   |   |   |
  +---+---+---+---+---+---+---+---+
2 | X | X |   | X | X |   | O |   |
  +---+---+---+---+---+---+---+---+
3 | X | X | X | X | X | O | O |   |
  +---+---+---+---+---+---+---+---+
4 | X | X | O | X | O | O | O |   |
  +---+---+---+---+---+---+---+---+
5 | X | X | X | X | O |   |   |   |
  +---+---+---+---+---+---+---+---+
6 | X | X |   | O |   |   |   |   |
  +---+---+---+---+---+---+---+---+
7 |   |   | O |   | X |   |   |   |
  +---+---+---+---+---+---+---+---+
    0   1   2   3   4   5   6   7

X Player Turn!


possible_moves = [[3, 7], [4, 6], [5, 5], [5, 6], [6, 5], [7, 1], [7, 3], [7, 4], [7, 5]]
[7, 1] depth = 1 val = 17
[3, 7] depth = 2 val = 6
[3, 7] depth = 3 val = 15
[5, 6] depth = 4 val = 6
[5, 6] depth = 5 val = 15
Player X alpha_beta performed the move: [5, 6]
  +---+---+---+---+---+---+---+---+
0 |   |   |   |   |   |   |   |   |
  +---+---+---+---+---+---+---+---+
1 |   |   |   | X |   |   |   |   |
  +---+---+---+---+---+---+---+---+
2 | X | X |   | X | X |   | O |   |
  +---+---+---+---+---+---+---+---+
3 | X | X | X | X | X | O | O |   |
  +---+---+---+---+---+---+---+---+
4 | X | X | O | X | O | O | O |   |
  +---+---+---+---+---+---+---+---+
5 | X | X | X | X | X |   |   |   |
  +---+---+---+---+---+---+---+---+
6 | X | X |   | O |   | X |   |   |
  +---+---+---+---+---+---+---+---+
7 |   |   | O |   | X |   |   |   |
  +---+---+---+---+---+---+---+---+
    0   1   2   3   4   5   6   7

O Player Turn!


Player O simple performed the move: [3, 0]
  +---+---+---+---+---+---+---+---+
0 |   |   |   | O |   |   |   |   |
  +---+---+---+---+---+---+---+---+
1 |   |   |   | O |   |   |   |   |
  +---+---+---+---+---+---+---+---+
2 | X | X |   | O | X |   | O |   |
  +---+---+---+---+---+---+---+---+
3 | X | X | X | O | X | O | O |   |
  +---+---+---+---+---+---+---+---+
4 | X | X | O | O | O | O | O |   |
  +---+---+---+---+---+---+---+---+
5 | X | X | X | O | X |   |   |   |
  +---+---+---+---+---+---+---+---+
6 | X | X |   | O |   | X |   |   |
  +---+---+---+---+---+---+---+---+
7 |   |   | O |   | X |   |   |   |
  +---+---+---+---+---+---+---+---+
    0   1   2   3   4   5   6   7

X Player Turn!


possible_moves = [[2, 0], [2, 1], [2, 2], [4, 1], [4, 6], [6, 5], [7, 2], [7, 3], [7, 4], [7, 5]]
[7, 4] depth = 1 val = 13
[7, 4] depth = 2 val = 6
[7, 4] depth = 3 val = 15
[7, 4] depth = 4 val = 8
[7, 4] depth = 5 val = 15
Player X alpha_beta performed the move: [7, 4]
  +---+---+---+---+---+---+---+---+
0 |   |   |   | O |   |   |   |   |
  +---+---+---+---+---+---+---+---+
1 |   |   |   | O |   |   |   |   |
  +---+---+---+---+---+---+---+---+
2 | X | X |   | O | X |   | O |   |
  +---+---+---+---+---+---+---+---+
3 | X | X | X | O | X | O | O |   |
  +---+---+---+---+---+---+---+---+
4 | X | X | X | X | X | X | X | X |
  +---+---+---+---+---+---+---+---+
5 | X | X | X | O | X |   |   |   |
  +---+---+---+---+---+---+---+---+
6 | X | X |   | O |   | X |   |   |
  +---+---+---+---+---+---+---+---+
7 |   |   | O |   | X |   |   |   |
  +---+---+---+---+---+---+---+---+
    0   1   2   3   4   5   6   7

O Player Turn!


Player O simple performed the move: [5, 5]
  +---+---+---+---+---+---+---+---+
0 |   |   |   | O |   |   |   |   |
  +---+---+---+---+---+---+---+---+
1 |   |   |   | O |   |   |   |   |
  +---+---+---+---+---+---+---+---+
2 | X | X |   | O | X |   | O |   |
  +---+---+---+---+---+---+---+---+
3 | X | X | X | O | X | O | O |   |
  +---+---+---+---+---+---+---+---+
4 | X | X | X | X | O | O | X | X |
  +---+---+---+---+---+---+---+---+
5 | X | X | X | O | O | O |   |   |
  +---+---+---+---+---+---+---+---+
6 | X | X |   | O |   | X |   |   |
  +---+---+---+---+---+---+---+---+
7 |   |   | O |   | X |   |   |   |
  +---+---+---+---+---+---+---+---+
    0   1   2   3   4   5   6   7

X Player Turn!


possible_moves = [[2, 0], [2, 1], [2, 2], [3, 7], [4, 1], [4, 6], [5, 2], [6, 1], [6, 5], [7, 3]]
[4, 6] depth = 1 val = 15
[6, 5] depth = 2 val = 8
[5, 2] depth = 3 val = 15
[6, 5] depth = 4 val = 8
[6, 5] depth = 5 val = 17
Player X alpha_beta performed the move: [6, 5]
  +---+---+---+---+---+---+---+---+
0 |   |   |   | O |   |   |   |   |
  +---+---+---+---+---+---+---+---+
1 |   |   |   | O |   |   |   |   |
  +---+---+---+---+---+---+---+---+
2 | X | X |   | O | X |   | O |   |
  +---+---+---+---+---+---+---+---+
3 | X | X | X | O | X | O | O |   |
  +---+---+---+---+---+---+---+---+
4 | X | X | X | X | O | X | X | X |
  +---+---+---+---+---+---+---+---+
5 | X | X | X | X | X | X | X |   |
  +---+---+---+---+---+---+---+---+
6 | X | X |   | O |   | X |   |   |
  +---+---+---+---+---+---+---+---+
7 |   |   | O |   | X |   |   |   |
  +---+---+---+---+---+---+---+---+
    0   1   2   3   4   5   6   7

O Player Turn!


Player O simple performed the move: [5, 7]
  +---+---+---+---+---+---+---+---+
0 |   |   |   | O |   |   |   |   |
  +---+---+---+---+---+---+---+---+
1 |   |   |   | O |   |   |   |   |
  +---+---+---+---+---+---+---+---+
2 | X | X |   | O | X |   | O |   |
  +---+---+---+---+---+---+---+---+
3 | X | X | X | O | X | O | O |   |
  +---+---+---+---+---+---+---+---+
4 | X | X | X | X | O | O | X | X |
  +---+---+---+---+---+---+---+---+
5 | X | X | X | X | X | O | X |   |
  +---+---+---+---+---+---+---+---+
6 | X | X |   | O |   | O |   |   |
  +---+---+---+---+---+---+---+---+
7 |   |   | O |   | X | O |   |   |
  +---+---+---+---+---+---+---+---+
    0   1   2   3   4   5   6   7

X Player Turn!


possible_moves = [[2, 0], [2, 1], [2, 2], [3, 7], [4, 1], [4, 6], [5, 2], [6, 1], [6, 7], [7, 1], [7, 2], [7, 3]]
[7, 1] depth = 1 val = 15
[6, 7] depth = 2 val = 8
[6, 7] depth = 3 val = 17
[6, 7] depth = 4 val = 8
[6, 7] depth = 5 val = 17
Player X alpha_beta performed the move: [6, 7]
  +---+---+---+---+---+---+---+---+
0 |   |   |   | O |   |   |   |   |
  +---+---+---+---+---+---+---+---+
1 |   |   |   | O |   |   |   |   |
  +---+---+---+---+---+---+---+---+
2 | X | X |   | O | X |   | O |   |
  +---+---+---+---+---+---+---+---+
3 | X | X | X | O | X | O | O |   |
  +---+---+---+---+---+---+---+---+
4 | X | X | X | X | O | O | X | X |
  +---+---+---+---+---+---+---+---+
5 | X | X | X | X | X | O | X |   |
  +---+---+---+---+---+---+---+---+
6 | X | X |   | O |   | X |   |   |
  +---+---+---+---+---+---+---+---+
7 |   |   | O |   | X | X | X |   |
  +---+---+---+---+---+---+---+---+
    0   1   2   3   4   5   6   7

O Player Turn!


Player O simple performed the move: [4, 1]
  +---+---+---+---+---+---+---+---+
0 |   |   |   | O |   |   |   |   |
  +---+---+---+---+---+---+---+---+
1 |   |   |   | O | O |   |   |   |
  +---+---+---+---+---+---+---+---+
2 | X | X |   | O | O |   | O |   |
  +---+---+---+---+---+---+---+---+
3 | X | X | X | O | O | O | O |   |
  +---+---+---+---+---+---+---+---+
4 | X | X | X | X | O | O | X | X |
  +---+---+---+---+---+---+---+---+
5 | X | X | X | X | X | O | X |   |
  +---+---+---+---+---+---+---+---+
6 | X | X |   | O |   | X |   |   |
  +---+---+---+---+---+---+---+---+
7 |   |   | O |   | X | X | X |   |
  +---+---+---+---+---+---+---+---+
    0   1   2   3   4   5   6   7

X Player Turn!


possible_moves = [[2, 0], [2, 1], [3, 7], [4, 0], [4, 6], [5, 0], [5, 1], [5, 2], [6, 1], [7, 1], [7, 2], [7, 3]]
[5, 2] depth = 1 val = 19
[4, 0] depth = 2 val = 12
[4, 0] depth = 3 val = 21
[2, 1] depth = 4 val = 12
[2, 1] depth = 5 val = 21
Player X alpha_beta performed the move: [2, 1]
  +---+---+---+---+---+---+---+---+
0 |   |   |   | O |   |   |   |   |
  +---+---+---+---+---+---+---+---+
1 |   |   | X | O | O |   |   |   |
  +---+---+---+---+---+---+---+---+
2 | X | X |   | X | O |   | O |   |
  +---+---+---+---+---+---+---+---+
3 | X | X | X | O | X | O | O |   |
  +---+---+---+---+---+---+---+---+
4 | X | X | X | X | O | X | X | X |
  +---+---+---+---+---+---+---+---+
5 | X | X | X | X | X | O | X |   |
  +---+---+---+---+---+---+---+---+
6 | X | X |   | O |   | X |   |   |
  +---+---+---+---+---+---+---+---+
7 |   |   | O |   | X | X | X |   |
  +---+---+---+---+---+---+---+---+
    0   1   2   3   4   5   6   7

O Player Turn!


Player O simple performed the move: [6, 6]
  +---+---+---+---+---+---+---+---+
0 |   |   |   | O |   |   |   |   |
  +---+---+---+---+---+---+---+---+
1 |   |   | X | O | O |   |   |   |
  +---+---+---+---+---+---+---+---+
2 | X | X |   | X | O |   | O |   |
  +---+---+---+---+---+---+---+---+
3 | X | X | X | O | X | O | O |   |
  +---+---+---+---+---+---+---+---+
4 | X | X | X | X | O | X | O | X |
  +---+---+---+---+---+---+---+---+
5 | X | X | X | X | X | O | O |   |
  +---+---+---+---+---+---+---+---+
6 | X | X |   | O |   | X | O |   |
  +---+---+---+---+---+---+---+---+
7 |   |   | O |   | X | X | X |   |
  +---+---+---+---+---+---+---+---+
    0   1   2   3   4   5   6   7

X Player Turn!


possible_moves = [[3, 7], [4, 0], [5, 0], [5, 1], [5, 2], [6, 1], [7, 1], [7, 2], [7, 3], [7, 5], [7, 6]]
[6, 1] depth = 1 val = 21
[6, 1] depth = 2 val = 14
[6, 1] depth = 3 val = 25
[5, 1] depth = 4 val = 14
[6, 1] depth = 5 val = 23
Player X alpha_beta performed the move: [6, 1]
  +---+---+---+---+---+---+---+---+
0 |   |   |   | O |   |   |   |   |
  +---+---+---+---+---+---+---+---+
1 |   |   | X | O | O |   | X |   |
  +---+---+---+---+---+---+---+---+
2 | X | X |   | X | O |   | X |   |
  +---+---+---+---+---+---+---+---+
3 | X | X | X | O | X | O | X |   |
  +---+---+---+---+---+---+---+---+
4 | X | X | X | X | O | X | X | X |
  +---+---+---+---+---+---+---+---+
5 | X | X | X | X | X | O | X |   |
  +---+---+---+---+---+---+---+---+
6 | X | X |   | O |   | X | X |   |
  +---+---+---+---+---+---+---+---+
7 |   |   | O |   | X | X | X |   |
  +---+---+---+---+---+---+---+---+
    0   1   2   3   4   5   6   7

O Player Turn!


Player O simple performed the move: [7, 2]
  +---+---+---+---+---+---+---+---+
0 |   |   |   | O |   |   |   |   |
  +---+---+---+---+---+---+---+---+
1 |   |   | X | O | O |   | X |   |
  +---+---+---+---+---+---+---+---+
2 | X | X |   | X | O |   | X | O |
  +---+---+---+---+---+---+---+---+
3 | X | X | X | O | X | O | O |   |
  +---+---+---+---+---+---+---+---+
4 | X | X | X | X | O | O | X | X |
  +---+---+---+---+---+---+---+---+
5 | X | X | X | X | O | O | X |   |
  +---+---+---+---+---+---+---+---+
6 | X | X |   | O |   | X | X |   |
  +---+---+---+---+---+---+---+---+
7 |   |   | O |   | X | X | X |   |
  +---+---+---+---+---+---+---+---+
    0   1   2   3   4   5   6   7

X Player Turn!


possible_moves = [[2, 0], [2, 2], [3, 7], [4, 0], [4, 6], [5, 0], [5, 1], [5, 2], [7, 3]]
[5, 2] depth = 1 val = 25
[5, 1] depth = 2 val = 16
[5, 1] depth = 3 val = 25
[5, 2] depth = 4 val = 12
[5, 2] depth = 5 val = 21
[5, 2] depth = 6 val = 10
Player X alpha_beta performed the move: [5, 2]
  +---+---+---+---+---+---+---+---+
0 |   |   |   | O |   |   |   |   |
  +---+---+---+---+---+---+---+---+
1 |   |   | X | O | O |   | X |   |
  +---+---+---+---+---+---+---+---+
2 | X | X |   | X | X | X | X | O |
  +---+---+---+---+---+---+---+---+
3 | X | X | X | O | X | X | X |   |
  +---+---+---+---+---+---+---+---+
4 | X | X | X | X | O | X | X | X |
  +---+---+---+---+---+---+---+---+
5 | X | X | X | X | O | X | X |   |
  +---+---+---+---+---+---+---+---+
6 | X | X |   | O |   | X | X |   |
  +---+---+---+---+---+---+---+---+
7 |   |   | O |   | X | X | X |   |
  +---+---+---+---+---+---+---+---+
    0   1   2   3   4   5   6   7

O Player Turn!


Player O simple performed the move: [7, 5]
  +---+---+---+---+---+---+---+---+
0 |   |   |   | O |   |   |   |   |
  +---+---+---+---+---+---+---+---+
1 |   |   | X | O | O |   | X |   |
  +---+---+---+---+---+---+---+---+
2 | X | X |   | X | O | X | X | O |
  +---+---+---+---+---+---+---+---+
3 | X | X | X | O | X | O | X |   |
  +---+---+---+---+---+---+---+---+
4 | X | X | X | X | O | X | O | X |
  +---+---+---+---+---+---+---+---+
5 | X | X | X | X | O | O | O | O |
  +---+---+---+---+---+---+---+---+
6 | X | X |   | O |   | X | X |   |
  +---+---+---+---+---+---+---+---+
7 |   |   | O |   | X | X | X |   |
  +---+---+---+---+---+---+---+---+
    0   1   2   3   4   5   6   7

X Player Turn!


possible_moves = [[2, 2], [3, 7], [4, 0], [4, 6], [5, 0], [5, 1], [7, 6]]
[5, 1] depth = 1 val = 23
[2, 2] depth = 2 val = 12
[2, 2] depth = 3 val = 21
[4, 6] depth = 4 val = 10
[7, 6] depth = 5 val = 19
[4, 6] depth = 6 val = 6
Player X alpha_beta performed the move: [4, 6]
  +---+---+---+---+---+---+---+---+
0 |   |   |   | O |   |   |   |   |
  +---+---+---+---+---+---+---+---+
1 |   |   | X | O | O |   | X |   |
  +---+---+---+---+---+---+---+---+
2 | X | X |   | X | O | X | X | O |
  +---+---+---+---+---+---+---+---+
3 | X | X | X | O | X | O | X |   |
  +---+---+---+---+---+---+---+---+
4 | X | X | X | X | X | X | O | X |
  +---+---+---+---+---+---+---+---+
5 | X | X | X | X | X | O | O | O |
  +---+---+---+---+---+---+---+---+
6 | X | X |   | O | X | X | X |   |
  +---+---+---+---+---+---+---+---+
7 |   |   | O |   | X | X | X |   |
  +---+---+---+---+---+---+---+---+
    0   1   2   3   4   5   6   7

O Player Turn!


Player O simple performed the move: [1, 0]
  +---+---+---+---+---+---+---+---+
0 |   | O |   | O |   |   |   |   |
  +---+---+---+---+---+---+---+---+
1 |   |   | O | O | O |   | X |   |
  +---+---+---+---+---+---+---+---+
2 | X | X |   | O | O | X | X | O |
  +---+---+---+---+---+---+---+---+
3 | X | X | X | O | O | O | X |   |
  +---+---+---+---+---+---+---+---+
4 | X | X | X | X | X | O | O | X |
  +---+---+---+---+---+---+---+---+
5 | X | X | X | X | X | O | O | O |
  +---+---+---+---+---+---+---+---+
6 | X | X |   | O | X | X | X |   |
  +---+---+---+---+---+---+---+---+
7 |   |   | O |   | X | X | X |   |
  +---+---+---+---+---+---+---+---+
    0   1   2   3   4   5   6   7

X Player Turn!


possible_moves = [[2, 2], [2, 6], [3, 7], [4, 0], [5, 0], [5, 1], [7, 3], [7, 6]]
[2, 2] depth = 1 val = 17
[4, 0] depth = 2 val = 10
[4, 0] depth = 3 val = 17
[4, 0] depth = 4 val = 6
[4, 0] depth = 5 val = 15
[4, 0] depth = 6 val = 6
Player X alpha_beta performed the move: [4, 0]
  +---+---+---+---+---+---+---+---+
0 |   | O |   | O | X |   |   |   |
  +---+---+---+---+---+---+---+---+
1 |   |   | O | O | X |   | X |   |
  +---+---+---+---+---+---+---+---+
2 | X | X |   | O | X | X | X | O |
  +---+---+---+---+---+---+---+---+
3 | X | X | X | O | X | O | X |   |
  +---+---+---+---+---+---+---+---+
4 | X | X | X | X | X | O | O | X |
  +---+---+---+---+---+---+---+---+
5 | X | X | X | X | X | O | O | O |
  +---+---+---+---+---+---+---+---+
6 | X | X |   | O | X | X | X |   |
  +---+---+---+---+---+---+---+---+
7 |   |   | O |   | X | X | X |   |
  +---+---+---+---+---+---+---+---+
    0   1   2   3   4   5   6   7

O Player Turn!


Player O simple performed the move: [5, 0]
  +---+---+---+---+---+---+---+---+
0 |   | O |   | O | O | O |   |   |
  +---+---+---+---+---+---+---+---+
1 |   |   | O | O | O |   | O |   |
  +---+---+---+---+---+---+---+---+
2 | X | X |   | O | X | X | X | O |
  +---+---+---+---+---+---+---+---+
3 | X | X | X | O | X | O | X |   |
  +---+---+---+---+---+---+---+---+
4 | X | X | X | X | X | O | O | X |
  +---+---+---+---+---+---+---+---+
5 | X | X | X | X | X | O | O | O |
  +---+---+---+---+---+---+---+---+
6 | X | X |   | O | X | X | X |   |
  +---+---+---+---+---+---+---+---+
7 |   |   | O |   | X | X | X |   |
  +---+---+---+---+---+---+---+---+
    0   1   2   3   4   5   6   7

X Player Turn!


possible_moves = [[2, 0], [2, 2], [2, 6], [3, 7], [6, 0], [7, 0], [7, 3], [7, 6]]
[7, 6] depth = 1 val = 17
[6, 0] depth = 2 val = 6
[6, 0] depth = 3 val = 15
[7, 0] depth = 4 val = 6
[7, 0] depth = 5 val = 13
[7, 0] depth = 6 val = 0
Player X alpha_beta performed the move: [7, 0]
  +---+---+---+---+---+---+---+---+
0 |   | O |   | O | O | O |   | X |
  +---+---+---+---+---+---+---+---+
1 |   |   | O | O | O |   | X |   |
  +---+---+---+---+---+---+---+---+
2 | X | X |   | O | X | X | X | O |
  +---+---+---+---+---+---+---+---+
3 | X | X | X | O | X | O | X |   |
  +---+---+---+---+---+---+---+---+
4 | X | X | X | X | X | O | O | X |
  +---+---+---+---+---+---+---+---+
5 | X | X | X | X | X | O | O | O |
  +---+---+---+---+---+---+---+---+
6 | X | X |   | O | X | X | X |   |
  +---+---+---+---+---+---+---+---+
7 |   |   | O |   | X | X | X |   |
  +---+---+---+---+---+---+---+---+
    0   1   2   3   4   5   6   7

O Player Turn!


Player O simple performed the move: [6, 0]
  +---+---+---+---+---+---+---+---+
0 |   | O |   | O | O | O | O | X |
  +---+---+---+---+---+---+---+---+
1 |   |   | O | O | O |   | O |   |
  +---+---+---+---+---+---+---+---+
2 | X | X |   | O | X | X | O | O |
  +---+---+---+---+---+---+---+---+
3 | X | X | X | O | X | O | O |   |
  +---+---+---+---+---+---+---+---+
4 | X | X | X | X | X | O | O | X |
  +---+---+---+---+---+---+---+---+
5 | X | X | X | X | X | O | O | O |
  +---+---+---+---+---+---+---+---+
6 | X | X |   | O | X | X | X |   |
  +---+---+---+---+---+---+---+---+
7 |   |   | O |   | X | X | X |   |
  +---+---+---+---+---+---+---+---+
    0   1   2   3   4   5   6   7

X Player Turn!


possible_moves = [[2, 0], [2, 2], [2, 6], [3, 7], [7, 1], [7, 3], [7, 6]]
[2, 0] depth = 1 val = 17
[2, 0] depth = 2 val = 6
[2, 0] depth = 3 val = 19
[2, 0] depth = 4 val = 4
[2, 0] depth = 5 val = 13
[2, 0] depth = 6 val = 4
[2, 0] depth = 7 val = 11
Player X alpha_beta performed the move: [2, 0]
  +---+---+---+---+---+---+---+---+
0 |   | O | X | X | X | X | X | X |
  +---+---+---+---+---+---+---+---+
1 |   |   | O | X | O |   | O |   |
  +---+---+---+---+---+---+---+---+
2 | X | X |   | O | X | X | O | O |
  +---+---+---+---+---+---+---+---+
3 | X | X | X | O | X | O | O |   |
  +---+---+---+---+---+---+---+---+
4 | X | X | X | X | X | O | O | X |
  +---+---+---+---+---+---+---+---+
5 | X | X | X | X | X | O | O | O |
  +---+---+---+---+---+---+---+---+
6 | X | X |   | O | X | X | X |   |
  +---+---+---+---+---+---+---+---+
7 |   |   | O |   | X | X | X |   |
  +---+---+---+---+---+---+---+---+
    0   1   2   3   4   5   6   7

O Player Turn!


Player O simple performed the move: [0, 7]
  +---+---+---+---+---+---+---+---+
0 |   | O | X | X | X | X | X | X |
  +---+---+---+---+---+---+---+---+
1 |   |   | O | X | O |   | O |   |
  +---+---+---+---+---+---+---+---+
2 | X | X |   | O | X | O | O | O |
  +---+---+---+---+---+---+---+---+
3 | X | X | X | O | O | O | O |   |
  +---+---+---+---+---+---+---+---+
4 | X | X | X | O | X | O | O | X |
  +---+---+---+---+---+---+---+---+
5 | X | X | O | X | X | O | O | O |
  +---+---+---+---+---+---+---+---+
6 | X | O |   | O | X | X | X |   |
  +---+---+---+---+---+---+---+---+
7 | O |   | O |   | X | X | X |   |
  +---+---+---+---+---+---+---+---+
    0   1   2   3   4   5   6   7

X Player Turn!


possible_moves = [[0, 0], [1, 1], [1, 7], [2, 2], [2, 6], [3, 7], [5, 1], [7, 1], [7, 3], [7, 6]]
[7, 3] depth = 1 val = 19
[7, 3] depth = 2 val = 4
[2, 6] depth = 3 val = 13
[7, 3] depth = 4 val = 4
[5, 1] depth = 5 val = 11
[7, 3] depth = 6 val = 4
Player X alpha_beta performed the move: [7, 3]
  +---+---+---+---+---+---+---+---+
0 |   | O | X | X | X | X | X | X |
  +---+---+---+---+---+---+---+---+
1 |   |   | O | X | O |   | O |   |
  +---+---+---+---+---+---+---+---+
2 | X | X |   | O | X | O | O | O |
  +---+---+---+---+---+---+---+---+
3 | X | X | X | X | X | X | X | X |
  +---+---+---+---+---+---+---+---+
4 | X | X | X | O | X | O | X | X |
  +---+---+---+---+---+---+---+---+
5 | X | X | O | X | X | X | O | O |
  +---+---+---+---+---+---+---+---+
6 | X | O |   | O | X | X | X |   |
  +---+---+---+---+---+---+---+---+
7 | O |   | O |   | X | X | X |   |
  +---+---+---+---+---+---+---+---+
    0   1   2   3   4   5   6   7

O Player Turn!


Player O simple performed the move: [0, 1]
  +---+---+---+---+---+---+---+---+
0 |   | O | X | X | X | X | X | X |
  +---+---+---+---+---+---+---+---+
1 | O |   | O | X | O |   | O |   |
  +---+---+---+---+---+---+---+---+
2 | O | O |   | O | X | O | O | O |
  +---+---+---+---+---+---+---+---+
3 | O | X | O | X | X | X | X | X |
  +---+---+---+---+---+---+---+---+
4 | O | X | X | O | X | O | X | X |
  +---+---+---+---+---+---+---+---+
5 | O | X | O | X | X | X | O | O |
  +---+---+---+---+---+---+---+---+
6 | O | O |   | O | X | X | X |   |
  +---+---+---+---+---+---+---+---+
7 | O |   | O |   | X | X | X |   |
  +---+---+---+---+---+---+---+---+
    0   1   2   3   4   5   6   7

X Player Turn!


possible_moves = [[0, 0], [1, 1], [1, 7], [2, 2], [2, 6], [3, 7], [5, 1], [7, 1], [7, 6]]
[2, 2] depth = 1 val = 11
[5, 1] depth = 2 val = 4
[2, 2] depth = 3 val = 11
[5, 1] depth = 4 val = 8
[5, 1] depth = 5 val = 15
[5, 1] depth = 6 val = 10
None depth = 7 val = 6000.0
None depth = 8 val = 6000.0
None depth = 9 val = 6000.0
None depth = 10 val = 6000.0
None depth = 11 val = 6000.0
None depth = 12 val = 6000.0
None depth = 13 val = 6000.0
None depth = 14 val = 6000.0
None depth = 15 val = 6000.0
None depth = 16 val = 6000.0
None depth = 17 val = 6000.0
None depth = 18 val = 6000.0
None depth = 19 val = 6000.0
Syntax: run_game.py setup_time time_per_k_turns k verbose x_player o_player
For example: run_game.py 2 10 5 y interactive random_player
Please read the docs in the code for more info.
